Analysis & Synthesis report for SoCKit_Top
Mon May  9 09:54:39 2016
Quartus II 32-bit Version 13.1.0 Build 162 10/23/2013 SJ Web Edition


---------------------
; Table of Contents ;
---------------------
  1. Legal Notice
  2. Analysis & Synthesis Summary
  3. Analysis & Synthesis Settings
  4. Parallel Compilation
  5. Analysis & Synthesis Messages
  6. Analysis & Synthesis Suppressed Messages



----------------
; Legal Notice ;
----------------
Copyright (C) 1991-2013 Altera Corporation
Your use of Altera Corporation's design tools, logic functions 
and other software and tools, and its AMPP partner logic 
functions, and any output files from any of the foregoing 
(including device programming or simulation files), and any 
associated documentation or information are expressly subject 
to the terms and conditions of the Altera Program License 
Subscription Agreement, Altera MegaCore Function License 
Agreement, or other applicable license agreement, including, 
without limitation, that your use is for the sole purpose of 
programming logic devices manufactured by Altera and sold by 
Altera or its authorized distributors.  Please refer to the 
applicable agreement for further details.



+--------------------------------------------------------------------------+
; Analysis & Synthesis Summary                                             ;
+-----------------------------+--------------------------------------------+
; Analysis & Synthesis Status ; Failed - Mon May  9 09:54:39 2016          ;
; Quartus II 32-bit Version   ; 13.1.0 Build 162 10/23/2013 SJ Web Edition ;
; Revision Name               ; SoCKit_Top                                 ;
; Top-level Entity Name       ; SoCKit_Top                                 ;
; Family                      ; Cyclone V                                  ;
; Logic utilization (in ALMs) ; N/A until Partition Merge                  ;
; Total registers             ; N/A until Partition Merge                  ;
; Total pins                  ; N/A until Partition Merge                  ;
; Total virtual pins          ; N/A until Partition Merge                  ;
; Total block memory bits     ; N/A until Partition Merge                  ;
; Total PLLs                  ; N/A until Partition Merge                  ;
; Total DLLs                  ; N/A until Partition Merge                  ;
+-----------------------------+--------------------------------------------+


+---------------------------------------------------------------------------------------------------------------------------+
; Analysis & Synthesis Settings                                                                                             ;
+---------------------------------------------------------------------------------+--------------------+--------------------+
; Option                                                                          ; Setting            ; Default Value      ;
+---------------------------------------------------------------------------------+--------------------+--------------------+
; Device                                                                          ; 5CSXFC6D6F31C8ES   ;                    ;
; Top-level entity name                                                           ; SoCKit_Top         ; SoCKit_Top         ;
; Family name                                                                     ; Cyclone V          ; Cyclone IV GX      ;
; Use smart compilation                                                           ; Off                ; Off                ;
; Enable parallel Assembler and TimeQuest Timing Analyzer during compilation      ; On                 ; On                 ;
; Enable compact report table                                                     ; Off                ; Off                ;
; Restructure Multiplexers                                                        ; Auto               ; Auto               ;
; MLAB Add Timing Constraints For Mixed-Port Feed-Through Mode Setting Don't Care ; Off                ; Off                ;
; Create Debugging Nodes for IP Cores                                             ; Off                ; Off                ;
; Preserve fewer node names                                                       ; On                 ; On                 ;
; Disable OpenCore Plus hardware evaluation                                       ; Off                ; Off                ;
; Verilog Version                                                                 ; Verilog_2001       ; Verilog_2001       ;
; VHDL Version                                                                    ; VHDL_1993          ; VHDL_1993          ;
; State Machine Processing                                                        ; Auto               ; Auto               ;
; Safe State Machine                                                              ; Off                ; Off                ;
; Extract Verilog State Machines                                                  ; On                 ; On                 ;
; Extract VHDL State Machines                                                     ; On                 ; On                 ;
; Ignore Verilog initial constructs                                               ; Off                ; Off                ;
; Iteration limit for constant Verilog loops                                      ; 5000               ; 5000               ;
; Iteration limit for non-constant Verilog loops                                  ; 250                ; 250                ;
; Add Pass-Through Logic to Inferred RAMs                                         ; On                 ; On                 ;
; Infer RAMs from Raw Logic                                                       ; On                 ; On                 ;
; Parallel Synthesis                                                              ; On                 ; On                 ;
; DSP Block Balancing                                                             ; Auto               ; Auto               ;
; NOT Gate Push-Back                                                              ; On                 ; On                 ;
; Power-Up Don't Care                                                             ; On                 ; On                 ;
; Remove Redundant Logic Cells                                                    ; Off                ; Off                ;
; Remove Duplicate Registers                                                      ; On                 ; On                 ;
; Ignore CARRY Buffers                                                            ; Off                ; Off                ;
; Ignore CASCADE Buffers                                                          ; Off                ; Off                ;
; Ignore GLOBAL Buffers                                                           ; Off                ; Off                ;
; Ignore ROW GLOBAL Buffers                                                       ; Off                ; Off                ;
; Ignore LCELL Buffers                                                            ; Off                ; Off                ;
; Ignore SOFT Buffers                                                             ; On                 ; On                 ;
; Limit AHDL Integers to 32 Bits                                                  ; Off                ; Off                ;
; Optimization Technique                                                          ; Balanced           ; Balanced           ;
; Carry Chain Length                                                              ; 70                 ; 70                 ;
; Auto Carry Chains                                                               ; On                 ; On                 ;
; Auto Open-Drain Pins                                                            ; On                 ; On                 ;
; Perform WYSIWYG Primitive Resynthesis                                           ; Off                ; Off                ;
; Auto ROM Replacement                                                            ; On                 ; On                 ;
; Auto RAM Replacement                                                            ; On                 ; On                 ;
; Auto DSP Block Replacement                                                      ; On                 ; On                 ;
; Auto Shift Register Replacement                                                 ; Auto               ; Auto               ;
; Allow Shift Register Merging across Hierarchies                                 ; Auto               ; Auto               ;
; Auto Clock Enable Replacement                                                   ; On                 ; On                 ;
; Strict RAM Replacement                                                          ; Off                ; Off                ;
; Allow Synchronous Control Signals                                               ; On                 ; On                 ;
; Force Use of Synchronous Clear Signals                                          ; Off                ; Off                ;
; Auto Resource Sharing                                                           ; Off                ; Off                ;
; Allow Any RAM Size For Recognition                                              ; Off                ; Off                ;
; Allow Any ROM Size For Recognition                                              ; Off                ; Off                ;
; Allow Any Shift Register Size For Recognition                                   ; Off                ; Off                ;
; Use LogicLock Constraints during Resource Balancing                             ; On                 ; On                 ;
; Ignore translate_off and synthesis_off directives                               ; Off                ; Off                ;
; Timing-Driven Synthesis                                                         ; On                 ; On                 ;
; Report Parameter Settings                                                       ; On                 ; On                 ;
; Report Source Assignments                                                       ; On                 ; On                 ;
; Report Connectivity Checks                                                      ; On                 ; On                 ;
; Ignore Maximum Fan-Out Assignments                                              ; Off                ; Off                ;
; Synchronization Register Chain Length                                           ; 3                  ; 3                  ;
; PowerPlay Power Optimization                                                    ; Normal compilation ; Normal compilation ;
; HDL message level                                                               ; Level2             ; Level2             ;
; Suppress Register Optimization Related Messages                                 ; Off                ; Off                ;
; Number of Removed Registers Reported in Synthesis Report                        ; 5000               ; 5000               ;
; Number of Swept Nodes Reported in Synthesis Report                              ; 5000               ; 5000               ;
; Number of Inverted Registers Reported in Synthesis Report                       ; 100                ; 100                ;
; Clock MUX Protection                                                            ; On                 ; On                 ;
; Auto Gated Clock Conversion                                                     ; Off                ; Off                ;
; Block Design Naming                                                             ; Auto               ; Auto               ;
; SDC constraint protection                                                       ; Off                ; Off                ;
; Synthesis Effort                                                                ; Auto               ; Auto               ;
; Shift Register Replacement - Allow Asynchronous Clear Signal                    ; On                 ; On                 ;
; Pre-Mapping Resynthesis Optimization                                            ; Off                ; Off                ;
; Analysis & Synthesis Message Level                                              ; Medium             ; Medium             ;
; Disable Register Merging Across Hierarchies                                     ; Auto               ; Auto               ;
; Resource Aware Inference For Block RAM                                          ; On                 ; On                 ;
; Synthesis Seed                                                                  ; 1                  ; 1                  ;
; Automatic Parallel Synthesis                                                    ; On                 ; On                 ;
+---------------------------------------------------------------------------------+--------------------+--------------------+


Parallel compilation was disabled, but you have multiple processors available. Enable parallel compilation to reduce compilation time.
+-------------------------------------+
; Parallel Compilation                ;
+----------------------------+--------+
; Processors                 ; Number ;
+----------------------------+--------+
; Number detected on machine ; 8      ;
; Maximum allowed            ; 1      ;
+----------------------------+--------+


+-------------------------------+
; Analysis & Synthesis Messages ;
+-------------------------------+
Info: *******************************************************************
Info: Running Quartus II 32-bit Analysis & Synthesis
    Info: Version 13.1.0 Build 162 10/23/2013 SJ Web Edition
    Info: Processing started: Mon May  9 09:54:35 2016
Info: Command: quartus_map --read_settings_files=on --write_settings_files=off lab3 -c SoCKit_Top
Warning (20028): Parallel compilation is not licensed and has been disabled
Warning (10229): Verilog HDL Expression warning at SoCKit_top.v(585): truncated literal to match 20 bits
Info (12021): Found 1 design units, including 1 entities, in source file SoCKit_top.v
    Info (12023): Found entity 1: SoCKit_Top
Info (12021): Found 1 design units, including 1 entities, in source file lab3/synthesis/lab3.v
    Info (12023): Found entity 1: lab3
Info (12021): Found 1 design units, including 1 entities, in source file lab3/synthesis/submodules/altera_reset_controller.v
    Info (12023): Found entity 1: altera_reset_controller
Info (12021): Found 1 design units, including 1 entities, in source file lab3/synthesis/submodules/altera_reset_synchronizer.v
    Info (12023): Found entity 1: altera_reset_synchronizer
Info (12021): Found 1 design units, including 1 entities, in source file lab3/synthesis/submodules/lab3_irq_mapper.sv
    Info (12023): Found entity 1: lab3_irq_mapper
Info (12021): Found 1 design units, including 1 entities, in source file lab3/synthesis/submodules/lab3_mm_interconnect_0.v
    Info (12023): Found entity 1: lab3_mm_interconnect_0
Info (12021): Found 2 design units, including 2 entities, in source file lab3/synthesis/submodules/altera_merlin_arbitrator.sv
    Info (12023): Found entity 1: altera_merlin_arbitrator
    Info (12023): Found entity 2: altera_merlin_arb_adder
Info (12021): Found 1 design units, including 1 entities, in source file lab3/synthesis/submodules/lab3_mm_interconnect_0_rsp_xbar_mux.sv
    Info (12023): Found entity 1: lab3_mm_interconnect_0_rsp_xbar_mux
Info (12021): Found 1 design units, including 1 entities, in source file lab3/synthesis/submodules/lab3_mm_interconnect_0_rsp_xbar_demux.sv
    Info (12023): Found entity 1: lab3_mm_interconnect_0_rsp_xbar_demux
Info (12021): Found 1 design units, including 1 entities, in source file lab3/synthesis/submodules/lab3_mm_interconnect_0_cmd_xbar_mux.sv
    Info (12023): Found entity 1: lab3_mm_interconnect_0_cmd_xbar_mux
Info (12021): Found 1 design units, including 1 entities, in source file lab3/synthesis/submodules/lab3_mm_interconnect_0_cmd_xbar_demux.sv
    Info (12023): Found entity 1: lab3_mm_interconnect_0_cmd_xbar_demux
Info (12021): Found 7 design units, including 7 entities, in source file lab3/synthesis/submodules/altera_merlin_burst_adapter.sv
    Info (12023): Found entity 1: altera_merlin_burst_adapter_burstwrap_increment
    Info (12023): Found entity 2: altera_merlin_burst_adapter_adder
    Info (12023): Found entity 3: altera_merlin_burst_adapter_subtractor
    Info (12023): Found entity 4: altera_merlin_burst_adapter_min
    Info (12023): Found entity 5: altera_merlin_burst_adapter
    Info (12023): Found entity 6: altera_merlin_burst_adapter_uncompressed_only
    Info (12023): Found entity 7: altera_merlin_burst_adapter_full
Info (12021): Found 1 design units, including 1 entities, in source file lab3/synthesis/submodules/altera_merlin_address_alignment.sv
    Info (12023): Found entity 1: altera_merlin_address_alignment
Info (12021): Found 2 design units, including 2 entities, in source file lab3/synthesis/submodules/lab3_mm_interconnect_0_id_router.sv
    Info (12023): Found entity 1: lab3_mm_interconnect_0_id_router_default_decode
    Info (12023): Found entity 2: lab3_mm_interconnect_0_id_router
Info (12021): Found 2 design units, including 2 entities, in source file lab3/synthesis/submodules/lab3_mm_interconnect_0_addr_router.sv
    Info (12023): Found entity 1: lab3_mm_interconnect_0_addr_router_default_decode
    Info (12023): Found entity 2: lab3_mm_interconnect_0_addr_router
Info (12021): Found 1 design units, including 1 entities, in source file lab3/synthesis/submodules/altera_avalon_sc_fifo.v
    Info (12023): Found entity 1: altera_avalon_sc_fifo
Info (12021): Found 1 design units, including 1 entities, in source file lab3/synthesis/submodules/altera_merlin_slave_agent.sv
    Info (12023): Found entity 1: altera_merlin_slave_agent
Info (12021): Found 1 design units, including 1 entities, in source file lab3/synthesis/submodules/altera_merlin_burst_uncompressor.sv
    Info (12023): Found entity 1: altera_merlin_burst_uncompressor
Info (12021): Found 1 design units, including 1 entities, in source file lab3/synthesis/submodules/altera_merlin_master_agent.sv
    Info (12023): Found entity 1: altera_merlin_master_agent
Info (12021): Found 1 design units, including 1 entities, in source file lab3/synthesis/submodules/altera_merlin_axi_master_ni.sv
    Info (12023): Found entity 1: altera_merlin_axi_master_ni
Info (12021): Found 1 design units, including 1 entities, in source file lab3/synthesis/submodules/altera_merlin_slave_translator.sv
    Info (12023): Found entity 1: altera_merlin_slave_translator
Info (12021): Found 1 design units, including 1 entities, in source file lab3/synthesis/submodules/altera_merlin_master_translator.sv
    Info (12023): Found entity 1: altera_merlin_master_translator
Info (12021): Found 1 design units, including 1 entities, in source file lab3/synthesis/submodules/Frame.sv
    Info (12023): Found entity 1: Frame
Info (12021): Found 1 design units, including 1 entities, in source file lab3/synthesis/submodules/AdjMat.sv
    Info (12023): Found entity 1: AdjMat
Info (12021): Found 1 design units, including 1 entities, in source file lab3/synthesis/submodules/Bellman.sv
    Info (12023): Found entity 1: Bellman
Info (12021): Found 1 design units, including 1 entities, in source file lab3/synthesis/submodules/VertMat.sv
    Info (12023): Found entity 1: VertMat
Info (12021): Found 1 design units, including 1 entities, in source file lab3/synthesis/submodules/Container.sv
    Info (12023): Found entity 1: Container
Info (12021): Found 1 design units, including 1 entities, in source file lab3/synthesis/submodules/CycleDetect.sv
    Info (12023): Found entity 1: CycleDetect
Info (12021): Found 1 design units, including 1 entities, in source file lab3/synthesis/submodules/FOREX.sv
    Info (12023): Found entity 1: FOREX
Info (12021): Found 1 design units, including 1 entities, in source file lab3/synthesis/submodules/Character.v
    Info (12023): Found entity 1: Character
Warning (12019): Can't analyze file -- file lab3/synthesis/submodules/PrintCycle.sv is missing
Info (12021): Found 1 design units, including 1 entities, in source file lab3/synthesis/submodules/lab3_master_0.v
    Info (12023): Found entity 1: lab3_master_0
Info (12021): Found 1 design units, including 1 entities, in source file lab3/synthesis/submodules/lab3_master_0_p2b_adapter.v
    Info (12023): Found entity 1: lab3_master_0_p2b_adapter
Info (12021): Found 1 design units, including 1 entities, in source file lab3/synthesis/submodules/lab3_master_0_b2p_adapter.v
    Info (12023): Found entity 1: lab3_master_0_b2p_adapter
Info (12021): Found 7 design units, including 7 entities, in source file lab3/synthesis/submodules/altera_avalon_packets_to_master.v
    Info (12023): Found entity 1: altera_avalon_packets_to_master
    Info (12023): Found entity 2: packets_to_fifo
    Info (12023): Found entity 3: fifo_buffer_single_clock_fifo
    Info (12023): Found entity 4: fifo_buffer_scfifo_with_controls
    Info (12023): Found entity 5: fifo_buffer
    Info (12023): Found entity 6: fifo_to_packet
    Info (12023): Found entity 7: packets_to_master
Info (12021): Found 1 design units, including 1 entities, in source file lab3/synthesis/submodules/altera_avalon_st_packets_to_bytes.v
    Info (12023): Found entity 1: altera_avalon_st_packets_to_bytes
Info (12021): Found 1 design units, including 1 entities, in source file lab3/synthesis/submodules/altera_avalon_st_bytes_to_packets.v
    Info (12023): Found entity 1: altera_avalon_st_bytes_to_packets
Info (12021): Found 1 design units, including 1 entities, in source file lab3/synthesis/submodules/lab3_master_0_timing_adt.v
    Info (12023): Found entity 1: lab3_master_0_timing_adt
Info (12021): Found 1 design units, including 1 entities, in source file lab3/synthesis/submodules/altera_avalon_st_jtag_interface.v
    Info (12023): Found entity 1: altera_avalon_st_jtag_interface
Info (12021): Found 3 design units, including 3 entities, in source file lab3/synthesis/submodules/altera_jtag_dc_streaming.v
    Info (12023): Found entity 1: altera_jtag_control_signal_crosser
    Info (12023): Found entity 2: altera_jtag_src_crosser
    Info (12023): Found entity 3: altera_jtag_dc_streaming
Info (12021): Found 1 design units, including 1 entities, in source file lab3/synthesis/submodules/altera_jtag_sld_node.v
    Info (12023): Found entity 1: altera_jtag_sld_node
Info (12021): Found 1 design units, including 1 entities, in source file lab3/synthesis/submodules/altera_jtag_streaming.v
    Info (12023): Found entity 1: altera_jtag_streaming
Info (12021): Found 1 design units, including 1 entities, in source file lab3/synthesis/submodules/altera_pli_streaming.v
    Info (12023): Found entity 1: altera_pli_streaming
Info (12021): Found 1 design units, including 1 entities, in source file lab3/synthesis/submodules/altera_avalon_st_clock_crosser.v
    Info (12023): Found entity 1: altera_avalon_st_clock_crosser
Info (12021): Found 1 design units, including 1 entities, in source file lab3/synthesis/submodules/altera_avalon_st_pipeline_base.v
    Info (12023): Found entity 1: altera_avalon_st_pipeline_base
Info (12021): Found 1 design units, including 1 entities, in source file lab3/synthesis/submodules/altera_avalon_st_idle_remover.v
    Info (12023): Found entity 1: altera_avalon_st_idle_remover
Info (12021): Found 1 design units, including 1 entities, in source file lab3/synthesis/submodules/altera_avalon_st_idle_inserter.v
    Info (12023): Found entity 1: altera_avalon_st_idle_inserter
Info (12021): Found 1 design units, including 1 entities, in source file lab3/synthesis/submodules/lab3_hps_0.v
    Info (12023): Found entity 1: lab3_hps_0
Info (12021): Found 1 design units, including 1 entities, in source file lab3/synthesis/submodules/lab3_hps_0_hps_io.v
    Info (12023): Found entity 1: lab3_hps_0_hps_io
Info (12021): Found 1 design units, including 1 entities, in source file lab3/synthesis/submodules/hps_sdram.v
    Info (12023): Found entity 1: hps_sdram
Info (12021): Found 1 design units, including 1 entities, in source file lab3/synthesis/submodules/hps_sdram_p0_acv_hard_memphy.v
    Info (12023): Found entity 1: hps_sdram_p0_acv_hard_memphy
Info (12021): Found 1 design units, including 1 entities, in source file lab3/synthesis/submodules/hps_sdram_p0_iss_probe.v
    Info (12023): Found entity 1: hps_sdram_p0_iss_probe
Info (12021): Found 1 design units, including 1 entities, in source file lab3/synthesis/submodules/altera_mem_if_hard_memory_controller_top_cyclonev.sv
    Info (12023): Found entity 1: altera_mem_if_hard_memory_controller_top_cyclonev
Info (12021): Found 1 design units, including 1 entities, in source file lab3/synthesis/submodules/hps_sdram_p0_altdqdqs.v
    Info (12023): Found entity 1: hps_sdram_p0_altdqdqs
Info (12021): Found 1 design units, including 1 entities, in source file lab3/synthesis/submodules/hps_sdram_p0_reset.v
    Info (12023): Found entity 1: hps_sdram_p0_reset
Info (12021): Found 1 design units, including 1 entities, in source file lab3/synthesis/submodules/hps_sdram_p0_acv_hard_addr_cmd_pads.v
    Info (12023): Found entity 1: hps_sdram_p0_acv_hard_addr_cmd_pads
Info (12021): Found 1 design units, including 1 entities, in source file lab3/synthesis/submodules/altera_mem_if_oct_cyclonev.sv
    Info (12023): Found entity 1: altera_mem_if_oct_cyclonev
Info (12021): Found 1 design units, including 1 entities, in source file lab3/synthesis/submodules/hps_sdram_p0_clock_pair_generator.v
    Info (12023): Found entity 1: hps_sdram_p0_clock_pair_generator
Info (12021): Found 1 design units, including 1 entities, in source file lab3/synthesis/submodules/hps_sdram_p0_generic_ddio.v
    Info (12023): Found entity 1: hps_sdram_p0_generic_ddio
Info (12021): Found 1 design units, including 1 entities, in source file lab3/synthesis/submodules/hps_sdram_p0_acv_hard_io_pads.v
    Info (12023): Found entity 1: hps_sdram_p0_acv_hard_io_pads
Info (12021): Found 1 design units, including 1 entities, in source file lab3/synthesis/submodules/hps_sdram_p0_reset_sync.v
    Info (12023): Found entity 1: hps_sdram_p0_reset_sync
Info (12021): Found 1 design units, including 1 entities, in source file lab3/synthesis/submodules/altera_mem_if_dll_cyclonev.sv
    Info (12023): Found entity 1: altera_mem_if_dll_cyclonev
Info (12021): Found 1 design units, including 1 entities, in source file lab3/synthesis/submodules/altdq_dqs2_acv_connect_to_hard_phy_cyclonev.sv
    Info (12023): Found entity 1: altdq_dqs2_acv_connect_to_hard_phy_cyclonev
Info (12021): Found 1 design units, including 1 entities, in source file lab3/synthesis/submodules/hps_sdram_p0.sv
    Info (12023): Found entity 1: hps_sdram_p0
Info (12021): Found 1 design units, including 1 entities, in source file lab3/synthesis/submodules/hps_sdram_p0_acv_ldc.v
    Info (12023): Found entity 1: hps_sdram_p0_acv_ldc
Info (12021): Found 1 design units, including 1 entities, in source file lab3/synthesis/submodules/hps_sdram_pll.sv
    Info (12023): Found entity 1: hps_sdram_pll
Info (12021): Found 1 design units, including 1 entities, in source file lab3/synthesis/submodules/hps_sdram_p0_phy_csr.sv
    Info (12023): Found entity 1: hps_sdram_p0_phy_csr
Info (12021): Found 1 design units, including 1 entities, in source file lab3/synthesis/submodules/altera_mem_if_hhp_qseq_synth_top.v
    Info (12023): Found entity 1: altera_mem_if_hhp_qseq_synth_top
Info (12021): Found 1 design units, including 1 entities, in source file lab3/synthesis/submodules/lab3_hps_0_hps_io_border.sv
    Info (12023): Found entity 1: lab3_hps_0_hps_io_border
Info (12021): Found 1 design units, including 1 entities, in source file lab3/synthesis/submodules/lab3_hps_0_fpga_interfaces.sv
    Info (12023): Found entity 1: lab3_hps_0_fpga_interfaces
Info (12021): Found 1 design units, including 1 entities, in source file Character.v
    Info (12023): Found entity 1: Character
Warning (10236): Verilog HDL Implicit Net warning at hps_sdram_p0_acv_hard_io_pads.v(289): created implicit net for "dqs_busout"
Warning (10236): Verilog HDL Implicit Net warning at hps_sdram_pll.sv(168): created implicit net for "pll_dr_clk"
Error (10932): SystemVerilog error at Container.sv(59): can't resolve implicit port connection(s) to instance "print_cycle" without a module declaration or an extern equivalent File: /home/graham/Desktop/Shared/HFT/src/fpga/lab3/synthesis/submodules/Container.sv Line: 59
Info (144001): Generated suppressed messages file /home/graham/Desktop/Shared/HFT/src/fpga/output_files/SoCKit_Top.map.smsg
Error: Quartus II 32-bit Analysis & Synthesis was unsuccessful. 1 error, 5 warnings
    Error: Peak virtual memory: 401 megabytes
    Error: Processing ended: Mon May  9 09:54:39 2016
    Error: Elapsed time: 00:00:04
    Error: Total CPU time (on all processors): 00:00:02


+------------------------------------------+
; Analysis & Synthesis Suppressed Messages ;
+------------------------------------------+
The suppressed messages can be found in /home/graham/Desktop/Shared/HFT/src/fpga/output_files/SoCKit_Top.map.smsg.


